<?xml version="1.0" encoding="UTF-8"?>
<robot generator="Robot 3.2.2 (Python 3.11.2 on win32)" generated="20230602 08:38:31.831" rpa="false">
<suite id="s1" name="RobotTestKantinDosen" source="C:\Perkuliahan\Semester 4\PKPL\ToolsQA\RobotTestKantinDosen">
<suite id="s1-s1" name="TestSuite" source="C:\Perkuliahan\Semester 4\PKPL\ToolsQA\RobotTestKantinDosen\TestSuite">
<suite id="s1-s1-s1" name="TambahMenuMakananKantinDosen" source="C:\Perkuliahan\Semester 4\PKPL\ToolsQA\RobotTestKantinDosen\TestSuite\TambahMenuMakananKantinDosen.robot">
<test id="s1-s1-s1-t1" name="TambahMakanan1">
<kw name="Open Browser" library="SeleniumLibrary">
<doc>Opens a new browser instance to the optional ``url``.</doc>
<arguments>
<arg>https://pa2.detimel.org</arg>
<arg>chrome</arg>
</arguments>
<msg timestamp="20230602 08:38:32.111" level="INFO">Opening browser 'chrome' to base url 'https://pa2.detimel.org'.</msg>
<status status="PASS" starttime="20230602 08:38:32.111" endtime="20230602 08:38:38.257"></status>
</kw>
<kw name="Set Selenium Implicit Wait" library="SeleniumLibrary">
<doc>Sets the implicit wait value used by Selenium.</doc>
<arguments>
<arg>5</arg>
</arguments>
<status status="PASS" starttime="20230602 08:38:38.257" endtime="20230602 08:38:38.259"></status>
</kw>
<kw name="Maximize Browser Window" library="SeleniumLibrary">
<doc>Maximizes current browser window.</doc>
<status status="PASS" starttime="20230602 08:38:38.259" endtime="20230602 08:38:38.381"></status>
</kw>
<kw name="Sleep" library="BuiltIn">
<doc>Pauses the test executed for the given time.</doc>
<arguments>
<arg>2</arg>
</arguments>
<msg timestamp="20230602 08:38:40.382" level="INFO">Slept 2 seconds</msg>
<status status="PASS" starttime="20230602 08:38:38.381" endtime="20230602 08:38:40.382"></status>
</kw>
<kw name="Input Text" library="SeleniumLibrary">
<doc>Types the given ``text`` into the text field identified by ``locator``.</doc>
<arguments>
<arg>//*[@id="login-form"]/div[2]/input</arg>
<arg>admin</arg>
</arguments>
<msg timestamp="20230602 08:38:40.383" level="INFO">Typing text 'admin' into text field '//*[@id="login-form"]/div[2]/input'.</msg>
<status status="PASS" starttime="20230602 08:38:40.382" endtime="20230602 08:38:40.487"></status>
</kw>
<kw name="Input Password" library="SeleniumLibrary">
<doc>Types the given password into the text field identified by ``locator``.</doc>
<arguments>
<arg>//*[@id="login-form"]/div[3]/input</arg>
<arg>password</arg>
</arguments>
<msg timestamp="20230602 08:38:40.488" level="INFO">Typing password into text field '//*[@id="login-form"]/div[3]/input'.</msg>
<msg timestamp="20230602 08:38:40.520" level="INFO">Temporally setting log level to: NONE</msg>
<msg timestamp="20230602 08:38:40.567" level="INFO">Log level changed from NONE to INFO.</msg>
<status status="PASS" starttime="20230602 08:38:40.487" endtime="20230602 08:38:40.567"></status>
</kw>
<kw name="Click Element" library="SeleniumLibrary">
<doc>Click the element identified by ``locator``.</doc>
<arguments>
<arg>//*[@id="login-button"]</arg>
</arguments>
<msg timestamp="20230602 08:38:40.568" level="INFO">Clicking element '//*[@id="login-button"]'.</msg>
<status status="PASS" starttime="20230602 08:38:40.568" endtime="20230602 08:38:40.621"></status>
</kw>
<kw name="Sleep" library="BuiltIn">
<doc>Pauses the test executed for the given time.</doc>
<arguments>
<arg>2</arg>
</arguments>
<msg timestamp="20230602 08:38:42.622" level="INFO">Slept 2 seconds</msg>
<status status="PASS" starttime="20230602 08:38:40.621" endtime="20230602 08:38:42.622"></status>
</kw>
<kw name="Click Element" library="SeleniumLibrary">
<doc>Click the element identified by ``locator``.</doc>
<arguments>
<arg>//*[@id="#kt_app_sidebar_menu"]/div[6]/a/span[2]</arg>
</arguments>
<msg timestamp="20230602 08:38:42.623" level="INFO">Clicking element '//*[@id="#kt_app_sidebar_menu"]/div[6]/a/span[2]'.</msg>
<status status="PASS" starttime="20230602 08:38:42.622" endtime="20230602 08:38:48.420"></status>
</kw>
<kw name="Click Element" library="SeleniumLibrary">
<doc>Click the element identified by ``locator``.</doc>
<arguments>
<arg>//*[@id="kt_app_content_container"]/div/div[1]/div[2]/a</arg>
</arguments>
<msg timestamp="20230602 08:38:48.420" level="INFO">Clicking element '//*[@id="kt_app_content_container"]/div/div[1]/div[2]/a'.</msg>
<status status="PASS" starttime="20230602 08:38:48.420" endtime="20230602 08:38:48.474"></status>
</kw>
<kw name="Click Element" library="SeleniumLibrary">
<doc>Click the element identified by ``locator``.</doc>
<arguments>
<arg>//*[@id="kt_datepicker_4"]</arg>
</arguments>
<msg timestamp="20230602 08:38:48.475" level="INFO">Clicking element '//*[@id="kt_datepicker_4"]'.</msg>
<status status="PASS" starttime="20230602 08:38:48.475" endtime="20230602 08:38:49.151"></status>
</kw>
<kw name="Click Element" library="SeleniumLibrary">
<doc>Click the element identified by ``locator``.</doc>
<arguments>
<arg>//*[@id="kt_app_body"]/div[3]/div[2]/div/div[2]/div/span[26]</arg>
</arguments>
<msg timestamp="20230602 08:38:49.152" level="INFO">Clicking element '//*[@id="kt_app_body"]/div[3]/div[2]/div/div[2]/div/span[26]'.</msg>
<status status="PASS" starttime="20230602 08:38:49.151" endtime="20230602 08:38:49.216"></status>
</kw>
<kw name="Sleep" library="BuiltIn">
<doc>Pauses the test executed for the given time.</doc>
<arguments>
<arg>2</arg>
</arguments>
<msg timestamp="20230602 08:38:51.216" level="INFO">Slept 2 seconds</msg>
<status status="PASS" starttime="20230602 08:38:49.216" endtime="20230602 08:38:51.216"></status>
</kw>
<kw name="Click Element" library="SeleniumLibrary">
<doc>Click the element identified by ``locator``.</doc>
<arguments>
<arg>//*[@id="kt_ecommerce_add_product_general"]/div/div/div[2]/div[2]</arg>
</arguments>
<msg timestamp="20230602 08:38:51.218" level="INFO">Clicking element '//*[@id="kt_ecommerce_add_product_general"]/div/div/div[2]/div[2]'.</msg>
<status status="PASS" starttime="20230602 08:38:51.217" endtime="20230602 08:38:51.267"></status>
</kw>
<kw name="Click Element" library="SeleniumLibrary">
<doc>Click the element identified by ``locator``.</doc>
<arguments>
<arg>//*[@id="kt_datepicker_8"]</arg>
</arguments>
<msg timestamp="20230602 08:38:51.268" level="INFO">Clicking element '//*[@id="kt_datepicker_8"]'.</msg>
<status status="PASS" starttime="20230602 08:38:51.267" endtime="20230602 08:38:51.316"></status>
</kw>
<kw name="Sleep" library="BuiltIn">
<doc>Pauses the test executed for the given time.</doc>
<arguments>
<arg>2</arg>
</arguments>
<msg timestamp="20230602 08:38:53.318" level="INFO">Slept 2 seconds</msg>
<status status="PASS" starttime="20230602 08:38:51.317" endtime="20230602 08:38:53.318"></status>
</kw>
<kw name="Click Element" library="SeleniumLibrary">
<doc>Click the element identified by ``locator``.</doc>
<arguments>
<arg>//*[@id="kt_ecommerce_add_product_general"]/div/div/div[2]/div[3]</arg>
</arguments>
<msg timestamp="20230602 08:38:53.320" level="INFO">Clicking element '//*[@id="kt_ecommerce_add_product_general"]/div/div/div[2]/div[3]'.</msg>
<status status="PASS" starttime="20230602 08:38:53.318" endtime="20230602 08:38:53.368"></status>
</kw>
<kw name="Input Text" library="SeleniumLibrary">
<doc>Types the given ``text`` into the text field identified by ``locator``.</doc>
<arguments>
<arg>//*[@id="kt_ecommerce_add_product_general"]/div/div/div[2]/div[3]/div[1]/div[2]/div</arg>
<arg>AAyam, Sambal Terasi, Urap</arg>
</arguments>
<msg timestamp="20230602 08:38:53.369" level="INFO">Typing text 'AAyam, Sambal Terasi, Urap' into text field '//*[@id="kt_ecommerce_add_product_general"]/div/div/div[2]/div[3]/div[1]/div[2]/div'.</msg>
<status status="PASS" starttime="20230602 08:38:53.368" endtime="20230602 08:38:53.547"></status>
</kw>
<kw name="Click Element" library="SeleniumLibrary">
<doc>Click the element identified by ``locator``.</doc>
<arguments>
<arg>//*[@id="kt_ecommerce_add_category_submit"]/span[1]</arg>
</arguments>
<msg timestamp="20230602 08:38:53.548" level="INFO">Clicking element '//*[@id="kt_ecommerce_add_category_submit"]/span[1]'.</msg>
<status status="PASS" starttime="20230602 08:38:53.548" endtime="20230602 08:38:53.608"></status>
</kw>
<kw name="Sleep" library="BuiltIn">
<doc>Pauses the test executed for the given time.</doc>
<arguments>
<arg>5</arg>
</arguments>
<msg timestamp="20230602 08:38:58.609" level="INFO">Slept 5 seconds</msg>
<status status="PASS" starttime="20230602 08:38:53.609" endtime="20230602 08:38:58.609"></status>
</kw>
<kw name="Close Browser" library="SeleniumLibrary">
<doc>Closes the current browser.</doc>
<status status="PASS" starttime="20230602 08:38:58.610" endtime="20230602 08:39:00.809"></status>
</kw>
<kw name="Log" library="BuiltIn">
<doc>Logs the given message with the given level.</doc>
<arguments>
<arg>Test Completed</arg>
</arguments>
<msg timestamp="20230602 08:39:00.810" level="INFO">Test Completed</msg>
<status status="PASS" starttime="20230602 08:39:00.810" endtime="20230602 08:39:00.811"></status>
</kw>
<status status="PASS" starttime="20230602 08:38:32.110" endtime="20230602 08:39:00.811" critical="yes"></status>
</test>
<status status="PASS" starttime="20230602 08:38:31.879" endtime="20230602 08:39:00.811"></status>
</suite>
<status status="PASS" starttime="20230602 08:38:31.877" endtime="20230602 08:39:00.813"></status>
</suite>
<status status="PASS" starttime="20230602 08:38:31.863" endtime="20230602 08:39:00.814"></status>
</suite>
<statistics>
<total>
<stat pass="1" fail="0">Critical Tests</stat>
<stat pass="1" fail="0">All Tests</stat>
</total>
<tag>
</tag>
<suite>
<stat pass="1" fail="0" id="s1" name="RobotTestKantinDosen">RobotTestKantinDosen</stat>
<stat pass="1" fail="0" id="s1-s1" name="TestSuite">RobotTestKantinDosen.TestSuite</stat>
<stat pass="1" fail="0" id="s1-s1-s1" name="TambahMenuMakananKantinDosen">RobotTestKantinDosen.TestSuite.TambahMenuMakananKantinDosen</stat>
</suite>
</statistics>
<errors>
</errors>
</robot>
